[debug] [2021-05-20T20:13:02.171Z] ----------------------------------------------------------------------
[debug] [2021-05-20T20:13:02.173Z] Command:       C:\Program Files\nodejs\node.exe C:\Users\sschutzo\AppData\Roaming\npm\node_modules\firebase-tools\lib\bin\firebase.js deploy
[debug] [2021-05-20T20:13:02.173Z] CLI Version:   9.11.0
[debug] [2021-05-20T20:13:02.173Z] Platform:      win32
[debug] [2021-05-20T20:13:02.174Z] Node Version:  v14.15.1
[debug] [2021-05-20T20:13:02.175Z] Time:          Thu May 20 2021 17:13:02 GMT-0300 (Horário Padrão de Brasília)
[debug] [2021-05-20T20:13:02.175Z] ----------------------------------------------------------------------
[debug] 
[debug] [2021-05-20T20:13:02.183Z] > command requires scopes: ["email","openid","https://www.googleapis.com/auth/cloudplatformprojects.readonly","https://www.googleapis.com/auth/firebase","https://www.googleapis.com/auth/cloud-platform"]
[debug] [2021-05-20T20:13:02.183Z] > authorizing via signed-in user (sabrinaschutz.ol@gmail.com)
[debug] [2021-05-20T20:13:02.183Z] [iam] checking project prideweek-13c49 for permissions ["cloudfunctions.functions.create","cloudfunctions.functions.delete","cloudfunctions.functions.get","cloudfunctions.functions.list","cloudfunctions.functions.update","cloudfunctions.operations.get","firebase.projects.get","firebasedatabase.instances.update","firebasehosting.sites.update"]
[debug] [2021-05-20T20:13:02.186Z] > refreshing access token with scopes: ["email","https://www.googleapis.com/auth/cloud-platform","https://www.googleapis.com/auth/cloudplatformprojects.readonly","https://www.googleapis.com/auth/firebase","openid"]
[debug] [2021-05-20T20:13:02.186Z] >>> HTTP REQUEST POST https://www.googleapis.com/oauth2/v3/token  
 <request body omitted>
[debug] [2021-05-20T20:13:02.662Z] <<< HTTP RESPONSE 200 {"expires":"Mon, 01 Jan 1990 00:00:00 GMT","date":"Thu, 20 May 2021 20:13:09 GMT","pragma":"no-cache","cache-control":"no-cache, no-store, max-age=0, must-revalidate","content-type":"application/json; charset=utf-8","vary":"X-Origin, Referer, Origin,Accept-Encoding","server":"scaffolding on HTTPServer2","x-xss-protection":"0","x-frame-options":"SAMEORIGIN","x-content-type-options":"nosniff","alt-svc":"h3-29=\":443\"; ma=2592000,h3-T051=\":443\"; ma=2592000,h3-Q050=\":443\"; ma=2592000,h3-Q046=\":443\"; ma=2592000,h3-Q043=\":443\"; ma=2592000,quic=\":443\"; ma=2592000; v=\"46,43\"","accept-ranges":"none","transfer-encoding":"chunked"}
[debug] [2021-05-20T20:13:02.688Z] >>> HTTP REQUEST POST https://cloudresourcemanager.googleapis.com/v1/projects/prideweek-13c49:testIamPermissions  
 {"permissions":["cloudfunctions.functions.create","cloudfunctions.functions.delete","cloudfunctions.functions.get","cloudfunctions.functions.list","cloudfunctions.functions.update","cloudfunctions.operations.get","firebase.projects.get","firebasedatabase.instances.update","firebasehosting.sites.update"]}
[debug] [2021-05-20T20:13:03.601Z] <<< HTTP RESPONSE 200 {"content-type":"application/json; charset=UTF-8","vary":"X-Origin, Referer, Origin,Accept-Encoding","date":"Thu, 20 May 2021 20:13:10 GMT","server":"ESF","cache-control":"private","x-xss-protection":"0","x-frame-options":"SAMEORIGIN","x-content-type-options":"nosniff","server-timing":"gfet4t7; dur=720","alt-svc":"h3-29=\":443\"; ma=2592000,h3-T051=\":443\"; ma=2592000,h3-Q050=\":443\"; ma=2592000,h3-Q046=\":443\"; ma=2592000,h3-Q043=\":443\"; ma=2592000,quic=\":443\"; ma=2592000; v=\"46,43\"","accept-ranges":"none","transfer-encoding":"chunked"}
[debug] [2021-05-20T20:13:03.602Z] >>> HTTP REQUEST POST https://iam.googleapis.com/v1/projects/prideweek-13c49/serviceAccounts/prideweek-13c49@appspot.gserviceaccount.com:testIamPermissions  
 {"permissions":["iam.serviceAccounts.actAs"]}
[debug] [2021-05-20T20:13:04.533Z] <<< HTTP RESPONSE 200 {"content-type":"application/json; charset=UTF-8","vary":"X-Origin, Referer, Origin,Accept-Encoding","date":"Thu, 20 May 2021 20:13:11 GMT","server":"ESF","cache-control":"private","x-xss-protection":"0","x-frame-options":"SAMEORIGIN","x-content-type-options":"nosniff","alt-svc":"h3-29=\":443\"; ma=2592000,h3-T051=\":443\"; ma=2592000,h3-Q050=\":443\"; ma=2592000,h3-Q046=\":443\"; ma=2592000,h3-Q043=\":443\"; ma=2592000,quic=\":443\"; ma=2592000; v=\"46,43\"","accept-ranges":"none","transfer-encoding":"chunked"}
[debug] [2021-05-20T20:13:04.534Z] > refreshing access token with scopes: []
[debug] [2021-05-20T20:13:04.535Z] >>> HTTP REQUEST POST https://www.googleapis.com/oauth2/v3/token  
 <request body omitted>
[debug] [2021-05-20T20:13:04.801Z] <<< HTTP RESPONSE 200 {"pragma":"no-cache","expires":"Mon, 01 Jan 1990 00:00:00 GMT","date":"Thu, 20 May 2021 20:13:11 GMT","cache-control":"no-cache, no-store, max-age=0, must-revalidate","content-type":"application/json; charset=utf-8","vary":"X-Origin, Referer, Origin,Accept-Encoding","server":"scaffolding on HTTPServer2","x-xss-protection":"0","x-frame-options":"SAMEORIGIN","x-content-type-options":"nosniff","alt-svc":"h3-29=\":443\"; ma=2592000,h3-T051=\":443\"; ma=2592000,h3-Q050=\":443\"; ma=2592000,h3-Q046=\":443\"; ma=2592000,h3-Q043=\":443\"; ma=2592000,quic=\":443\"; ma=2592000; v=\"46,43\"","accept-ranges":"none","transfer-encoding":"chunked"}
[debug] [2021-05-20T20:13:04.826Z] >>> [apiv2][query] GET https://firebase.googleapis.com/v1beta1/projects/prideweek-13c49 [none]
[debug] [2021-05-20T20:13:05.226Z] <<< [apiv2][status] GET https://firebase.googleapis.com/v1beta1/projects/prideweek-13c49 200
[debug] [2021-05-20T20:13:05.226Z] <<< [apiv2][body] GET https://firebase.googleapis.com/v1beta1/projects/prideweek-13c49 {"projectId":"prideweek-13c49","projectNumber":"841439416317","displayName":"PrideWeek","name":"projects/prideweek-13c49","resources":{"hostingSite":"prideweek-13c49","realtimeDatabaseInstance":"prideweek-13c49-default-rtdb","storageBucket":"prideweek-13c49.appspot.com","locationId":"us-central"},"state":"ACTIVE"}
[debug] [2021-05-20T20:13:05.227Z] >>> [apiv2][query] GET https://firebase.googleapis.com/v1beta1/projects/prideweek-13c49 [none]
[debug] [2021-05-20T20:13:05.694Z] <<< [apiv2][status] GET https://firebase.googleapis.com/v1beta1/projects/prideweek-13c49 200
[debug] [2021-05-20T20:13:05.694Z] <<< [apiv2][body] GET https://firebase.googleapis.com/v1beta1/projects/prideweek-13c49 {"projectId":"prideweek-13c49","projectNumber":"841439416317","displayName":"PrideWeek","name":"projects/prideweek-13c49","resources":{"hostingSite":"prideweek-13c49","realtimeDatabaseInstance":"prideweek-13c49-default-rtdb","storageBucket":"prideweek-13c49.appspot.com","locationId":"us-central"},"state":"ACTIVE"}
[warn] !  functions: package.json indicates an outdated version of firebase-functions.
Please upgrade using npm install --save firebase-functions@latest in your functions directory. 
[info] 
[info] === Deploying to 'prideweek-13c49'...
[info] 
[info] i  deploying database, functions, hosting 
[info] i  database: checking rules syntax... 
[debug] [2021-05-20T20:13:09.515Z] > refreshing access token with scopes: ["email","https://www.googleapis.com/auth/cloud-platform","https://www.googleapis.com/auth/cloudplatformprojects.readonly","https://www.googleapis.com/auth/firebase","openid"]
[debug] [2021-05-20T20:13:09.515Z] >>> HTTP REQUEST POST https://www.googleapis.com/oauth2/v3/token  
 <request body omitted>
[debug] [2021-05-20T20:13:09.785Z] <<< HTTP RESPONSE 200 {"expires":"Mon, 01 Jan 1990 00:00:00 GMT","cache-control":"no-cache, no-store, max-age=0, must-revalidate","date":"Thu, 20 May 2021 20:13:16 GMT","pragma":"no-cache","content-type":"application/json; charset=utf-8","vary":"X-Origin, Referer, Origin,Accept-Encoding","server":"scaffolding on HTTPServer2","x-xss-protection":"0","x-frame-options":"SAMEORIGIN","x-content-type-options":"nosniff","alt-svc":"h3-29=\":443\"; ma=2592000,h3-T051=\":443\"; ma=2592000,h3-Q050=\":443\"; ma=2592000,h3-Q046=\":443\"; ma=2592000,h3-Q043=\":443\"; ma=2592000,quic=\":443\"; ma=2592000; v=\"46,43\"","accept-ranges":"none","transfer-encoding":"chunked"}
[debug] [2021-05-20T20:13:09.804Z] >>> HTTP REQUEST GET https://firebasedatabase.googleapis.com/v1beta/projects/prideweek-13c49/locations/-/instances/prideweek-13c49-default-rtdb  
 
[debug] [2021-05-20T20:13:11.064Z] <<< HTTP RESPONSE 200 {"content-type":"application/json; charset=UTF-8","vary":"X-Origin, Referer, Origin,Accept-Encoding","date":"Thu, 20 May 2021 20:13:18 GMT","server":"ESF","cache-control":"private","x-xss-protection":"0","x-frame-options":"SAMEORIGIN","x-content-type-options":"nosniff","alt-svc":"h3-29=\":443\"; ma=2592000,h3-T051=\":443\"; ma=2592000,h3-Q050=\":443\"; ma=2592000,h3-Q046=\":443\"; ma=2592000,h3-Q043=\":443\"; ma=2592000,quic=\":443\"; ma=2592000; v=\"46,43\"","accept-ranges":"none","transfer-encoding":"chunked"}
[debug] [2021-05-20T20:13:11.069Z] >>> HTTP REQUEST PUT https://prideweek-13c49-default-rtdb.firebaseio.com/.settings/rules.json?dryRun=true  
 {
  "rules": {
    ".read": "true",
    "admins": {
      ".write": "auth != null && auth.provider == 'google' && root.child('admins').child(auth.uid).exists()"
    },
    "userProfile": {
      ".write": "auth != null && auth.provider == 'google'"
    },
    "$year": {
      "levels": {
        ".write": "auth != null && auth.provider == 'google' && root.child('admins').child(auth.uid).exists()"
      },
      "schedules": {
        "$user_id": {
          ".read": "auth != null && auth.provider == 'google' && $user_id == auth.uid",
          ".write": "auth != null && auth.provider == 'google' && $user_id == auth.uid"
        }
      },
      "sections": {
        ".write": "auth != null && auth.provider == 'google' && root.child('admins').child(auth.uid).exists()"
      },
      "sessions": {
        ".write": "auth != null && auth.provider == 'google' && root.child('admins').child(auth.uid).exists()",
        "$session_id": {
          "surveys": {
            ".read": "auth != null && auth.provider == 'google' && root.child('admins').child(auth.uid).exists()",
            ".write": "auth != null && auth.provider == 'google'"
          }
        }
      },
      "siteConfig": {
        ".write": "auth != null && auth.provider == 'google' && root.child('admins').child(auth.uid).exists()"
      },
      "speakers": {
        ".write": "auth != null && auth.provider == 'google' && root.child('admins').child(auth.uid).exists()",
      	".indexOn": "featured"
      },
      "sponsors": {
        ".write": "auth != null && auth.provider == 'google' && root.child('admins').child(auth.uid).exists()"
      },
      "tickets": {
        ".write": "auth != null && auth.provider == 'google' && root.child('admins').child(auth.uid).exists()",
      	".indexOn": "active"
      }
    }
  }
}

[debug] [2021-05-20T20:13:11.748Z] <<< HTTP RESPONSE 200 {"server":"nginx","date":"Thu, 20 May 2021 20:13:18 GMT","content-type":"application/json; charset=utf-8","content-length":"15","connection":"keep-alive","access-control-allow-origin":"*","cache-control":"no-cache","strict-transport-security":"max-age=31556926; includeSubDomains; preload"}
[info] +  database: rules syntax for database prideweek-13c49-default-rtdb is valid 
[info] i  functions: ensuring required API cloudfunctions.googleapis.com is enabled... 
[info] i  functions: ensuring required API cloudbuild.googleapis.com is enabled... 
[debug] [2021-05-20T20:13:14.013Z] >>> HTTP REQUEST GET https://serviceusage.googleapis.com/v1/projects/prideweek-13c49/services/cloudfunctions.googleapis.com  
 
[debug] [2021-05-20T20:13:14.014Z] >>> HTTP REQUEST GET https://serviceusage.googleapis.com/v1/projects/prideweek-13c49/services/runtimeconfig.googleapis.com  
 
[debug] [2021-05-20T20:13:14.014Z] >>> HTTP REQUEST GET https://serviceusage.googleapis.com/v1/projects/prideweek-13c49/services/cloudbuild.googleapis.com  
 
[debug] [2021-05-20T20:13:15.120Z] <<< HTTP RESPONSE 200 {"content-type":"application/json; charset=UTF-8","vary":"X-Origin, Referer, Origin,Accept-Encoding","date":"Thu, 20 May 2021 20:13:22 GMT","server":"ESF","cache-control":"private","x-xss-protection":"0","x-frame-options":"SAMEORIGIN","x-content-type-options":"nosniff","alt-svc":"h3-29=\":443\"; ma=2592000,h3-T051=\":443\"; ma=2592000,h3-Q050=\":443\"; ma=2592000,h3-Q046=\":443\"; ma=2592000,h3-Q043=\":443\"; ma=2592000,quic=\":443\"; ma=2592000; v=\"46,43\"","accept-ranges":"none","transfer-encoding":"chunked"}
[debug] [2021-05-20T20:13:15.148Z] <<< HTTP RESPONSE 200 {"content-type":"application/json; charset=UTF-8","vary":"X-Origin, Referer, Origin,Accept-Encoding","date":"Thu, 20 May 2021 20:13:22 GMT","server":"ESF","cache-control":"private","x-xss-protection":"0","x-frame-options":"SAMEORIGIN","x-content-type-options":"nosniff","alt-svc":"h3-29=\":443\"; ma=2592000,h3-T051=\":443\"; ma=2592000,h3-Q050=\":443\"; ma=2592000,h3-Q046=\":443\"; ma=2592000,h3-Q043=\":443\"; ma=2592000,quic=\":443\"; ma=2592000; v=\"46,43\"","accept-ranges":"none","transfer-encoding":"chunked"}
[info] +  functions: required API cloudbuild.googleapis.com is enabled 
[debug] [2021-05-20T20:13:15.170Z] <<< HTTP RESPONSE 200 {"content-type":"application/json; charset=UTF-8","vary":"X-Origin, Referer, Origin,Accept-Encoding","date":"Thu, 20 May 2021 20:13:22 GMT","server":"ESF","cache-control":"private","x-xss-protection":"0","x-frame-options":"SAMEORIGIN","x-content-type-options":"nosniff","alt-svc":"h3-29=\":443\"; ma=2592000,h3-T051=\":443\"; ma=2592000,h3-Q050=\":443\"; ma=2592000,h3-Q046=\":443\"; ma=2592000,h3-Q043=\":443\"; ma=2592000,quic=\":443\"; ma=2592000; v=\"46,43\"","accept-ranges":"none","transfer-encoding":"chunked"}
[info] +  functions: required API cloudfunctions.googleapis.com is enabled 
[debug] [2021-05-20T20:13:15.171Z] >>> HTTP REQUEST GET https://firebase.googleapis.com/v1beta1/projects/prideweek-13c49/adminSdkConfig  
 
[debug] [2021-05-20T20:13:16.296Z] <<< HTTP RESPONSE 200 {"content-type":"application/json; charset=UTF-8","vary":"X-Origin, Referer, Origin,Accept-Encoding","date":"Thu, 20 May 2021 20:13:23 GMT","server":"ESF","cache-control":"private","x-xss-protection":"0","x-frame-options":"SAMEORIGIN","x-content-type-options":"nosniff","alt-svc":"h3-29=\":443\"; ma=2592000,h3-T051=\":443\"; ma=2592000,h3-Q050=\":443\"; ma=2592000,h3-Q046=\":443\"; ma=2592000,h3-Q043=\":443\"; ma=2592000,quic=\":443\"; ma=2592000; v=\"46,43\"","accept-ranges":"none","transfer-encoding":"chunked"}
[info] i  functions: preparing functions directory for uploading... 
[debug] [2021-05-20T20:13:16.300Z] >>> HTTP REQUEST GET https://runtimeconfig.googleapis.com/v1beta1/projects/prideweek-13c49/configs  
 
[debug] [2021-05-20T20:13:16.781Z] <<< HTTP RESPONSE 200 {"content-type":"application/json; charset=UTF-8","vary":"X-Origin, Referer, Origin,Accept-Encoding","date":"Thu, 20 May 2021 20:13:23 GMT","server":"ESF","cache-control":"private","x-xss-protection":"0","x-frame-options":"SAMEORIGIN","x-content-type-options":"nosniff","alt-svc":"h3-29=\":443\"; ma=2592000,h3-T051=\":443\"; ma=2592000,h3-Q050=\":443\"; ma=2592000,h3-Q046=\":443\"; ma=2592000,h3-Q043=\":443\"; ma=2592000,quic=\":443\"; ma=2592000; v=\"46,43\"","accept-ranges":"none","transfer-encoding":"chunked"}
[info] i  functions: packaged functions (58.19 KB) for uploading 
[debug] [2021-05-20T20:13:16.981Z] > [functions] package.json contents: {
  "name": "functions",
  "description": "Cloud Functions for Firebase",
  "scripts": {
    "lint": "./node_modules/.bin/eslint index.is",
    "serve": "firebase serve --only functions",
    "shell": "firebase experimental:functions:shell",
    "start": "npm run shell",
    "deploy": "firebase deploy --only functions",
    "logs": "firebase functions:log"
  },
  "dependencies": {
    "firebase-admin": "^5.13.1",
    "firebase-functions": "^2.0.2"
  },
  "devDependencies": {
    "eslint": "^4.12.0",
    "eslint-plugin-promise": "^3.6.0"
  },
  "private": true
}
[debug] [2021-05-20T20:13:16.982Z] >>> HTTP REQUEST GET https://cloudfunctions.googleapis.com/v1/projects/prideweek-13c49/locations/-/functions  
 
[debug] [2021-05-20T20:13:18.196Z] <<< HTTP RESPONSE 200 {"content-type":"application/json; charset=UTF-8","vary":"X-Origin, Referer, Origin,Accept-Encoding","date":"Thu, 20 May 2021 20:13:25 GMT","server":"ESF","cache-control":"private","x-xss-protection":"0","x-frame-options":"SAMEORIGIN","x-content-type-options":"nosniff","alt-svc":"h3-29=\":443\"; ma=2592000,h3-T051=\":443\"; ma=2592000,h3-Q050=\":443\"; ma=2592000,h3-Q046=\":443\"; ma=2592000,h3-Q043=\":443\"; ma=2592000,quic=\":443\"; ma=2592000; v=\"46,43\"","accept-ranges":"none","transfer-encoding":"chunked"}
[debug] [2021-05-20T20:13:18.203Z] >>> HTTP REQUEST POST https://firebasehosting.googleapis.com/v1beta1/sites/prideweek-13c49/versions  
 {"config":{"rewrites":[{"glob":"**","path":"/index.html"}]},"labels":{"deployment-tool":"cli-firebase"}}
[debug] [2021-05-20T20:13:19.620Z] <<< HTTP RESPONSE 200 {"content-type":"application/json; charset=UTF-8","vary":"X-Origin, Referer, Origin,Accept-Encoding","date":"Thu, 20 May 2021 20:13:26 GMT","server":"ESF","cache-control":"private","x-xss-protection":"0","x-frame-options":"SAMEORIGIN","x-content-type-options":"nosniff","alt-svc":"h3-29=\":443\"; ma=2592000,h3-T051=\":443\"; ma=2592000,h3-Q050=\":443\"; ma=2592000,h3-Q046=\":443\"; ma=2592000,h3-Q043=\":443\"; ma=2592000,quic=\":443\"; ma=2592000; v=\"46,43\"","accept-ranges":"none","transfer-encoding":"chunked"}
[debug] [2021-05-20T20:13:19.622Z] >>> HTTP REQUEST POST https://cloudfunctions.googleapis.com/v1/projects/prideweek-13c49/locations/us-central1/functions:generateUploadUrl  
 
[debug] [2021-05-20T20:13:20.688Z] <<< HTTP RESPONSE 200 {"content-type":"application/json; charset=UTF-8","vary":"X-Origin, Referer, Origin,Accept-Encoding","date":"Thu, 20 May 2021 20:13:27 GMT","server":"ESF","cache-control":"private","x-xss-protection":"0","x-frame-options":"SAMEORIGIN","x-content-type-options":"nosniff","alt-svc":"h3-29=\":443\"; ma=2592000,h3-T051=\":443\"; ma=2592000,h3-Q050=\":443\"; ma=2592000,h3-Q046=\":443\"; ma=2592000,h3-Q043=\":443\"; ma=2592000,quic=\":443\"; ma=2592000; v=\"46,43\"","accept-ranges":"none","transfer-encoding":"chunked"}
[debug] [2021-05-20T20:13:20.690Z] >>> HTTP REQUEST PUT https://storage.googleapis.com/gcf-upload-us-central1-73abe0a4-da3e-4111-93b0-6d698bf9b454/cc1017d1-2bfd-46f2-bebb-2c9d36fc2e48.zip?GoogleAccessId=service-841439416317@gcf-admin-robot.iam.gserviceaccount.com&Expires=1621543407&Signature=v8Fhr%2BtybUX6Gx2lOiz19LFYjBTmESsNju22hxbu0wMwRhZZdqqQbB97VOR9%2FeA1LtzBuqomYLCmKEAumZkaPkLmi4bKruRr3HDw7RM5ZcjLbT3ig8Zi52jOjQdLTs%2FjnDrX7f%2Bz5lzLTuLafimYvDM3Yd%2B%2Bf9rqllFuFhK%2FW4THY8QfDirXZtt1qbVoyo2txIrPD1P%2BXCpPqyz6sRoO8itK4KXT29B1N8jwEewXqBRT9maM%2FRvhYfYIiI%2BKCJLeZ9hzWjjAds%2FNcjvR%2FNSvucQSzo2kmWEyqS9MuNuO9Aow3q6VExMXoBMD7jm1Ozq4irqyAnKsBFi3nSEAwL4D2Q%3D%3D  
 <request body omitted>
[debug] [2021-05-20T20:13:21.189Z] <<< HTTP RESPONSE 200 {"x-guploader-uploadid":"ABg5-Uzrh___YPZCIiPqEhEd81mJ5v-qb3H7HIOZ8Gfy4AvvEikvlfBWW1JHf5ExP6OCuk6Ea59fb3H14XyFzUpu5qI","etag":"\"9e7a4efa12d2efc379092583e3397e90\"","x-goog-generation":"1621541608143810","x-goog-metageneration":"1","x-goog-hash":"crc32c=WTw8fw==, md5=nnpO+hLS78N5CSWD4zl+kA==","x-goog-stored-content-length":"59585","x-goog-stored-content-encoding":"identity","vary":"Origin","content-length":"0","date":"Thu, 20 May 2021 20:13:28 GMT","server":"UploadServer","content-type":"text/html; charset=UTF-8","alt-svc":"h3-29=\":443\"; ma=2592000,h3-T051=\":443\"; ma=2592000,h3-Q050=\":443\"; ma=2592000,h3-Q046=\":443\"; ma=2592000,h3-Q043=\":443\"; ma=2592000,quic=\":443\"; ma=2592000; v=\"46,43\""}
[info] +  functions: functions folder uploaded successfully 
[info] i  hosting[prideweek-13c49]: beginning deploy... 
[info] i  hosting[prideweek-13c49]: found 51 files in dist 
[debug] [2021-05-20T20:13:21.490Z] > refreshing access token with scopes: []
[debug] [2021-05-20T20:13:21.490Z] >>> HTTP REQUEST POST https://www.googleapis.com/oauth2/v3/token  
 <request body omitted>
[debug] [2021-05-20T20:13:21.494Z] [hosting] hash cache [ZGlzdA] stored for 51 files
[debug] [2021-05-20T20:13:21.494Z] [hosting][hash queue][FINAL] {"max":279,"min":24,"avg":59.666666666666686,"active":0,"complete":51,"success":51,"errored":0,"retried":0,"total":51,"elapsed":287}
[debug] [2021-05-20T20:13:21.761Z] <<< HTTP RESPONSE 200 {"expires":"Mon, 01 Jan 1990 00:00:00 GMT","cache-control":"no-cache, no-store, max-age=0, must-revalidate","pragma":"no-cache","date":"Thu, 20 May 2021 20:13:28 GMT","content-type":"application/json; charset=utf-8","vary":"X-Origin, Referer, Origin,Accept-Encoding","server":"scaffolding on HTTPServer2","x-xss-protection":"0","x-frame-options":"SAMEORIGIN","x-content-type-options":"nosniff","alt-svc":"h3-29=\":443\"; ma=2592000,h3-T051=\":443\"; ma=2592000,h3-Q050=\":443\"; ma=2592000,h3-Q046=\":443\"; ma=2592000,h3-Q043=\":443\"; ma=2592000,quic=\":443\"; ma=2592000; v=\"46,43\"","accept-ranges":"none","transfer-encoding":"chunked"}
[debug] [2021-05-20T20:13:21.797Z] >>> [apiv2][query] POST https://firebasehosting.googleapis.com/v1beta1/sites/prideweek-13c49/versions/a945b640316716be:populateFiles [none]
[debug] [2021-05-20T20:13:21.798Z] >>> [apiv2][body] POST https://firebasehosting.googleapis.com/v1beta1/sites/prideweek-13c49/versions/a945b640316716be:populateFiles {"files":{"/favicon.ico":"c81d3199ecf99ab889d64e801562b47b78cd16fbf49f224614b208d31943f648","/index.html":"5df5e31a7b66744a7fad2a78f1e66205fde2eee749d065ac3449883723afbb8b","/manifest.json":"c766b46f51880e40d5921e13e01d536640532a0f27d45792bb6976ce513f5382","/runtime.a66f828dca56eeb90e02.js":"bc0aca26b822a9c3629ccd1a017694814eccba251d0d28878f6819c7d5d23e29","/assets/icons/icon-128x128.png":"7bffe7f23ede41424ae1b9939207e1d94d2dccd38fa32344dbf10dc5866f2030","/assets/icons/icon-144x144.png":"d6cc758d7bac0c73cdafcbc05e5693dbd80687686a5339fee27f3c31689270e0","/assets/icons/icon-152x152.png":"315b25c6a16213e1c60e22c431dbd512bcc2568d818482c2afd68291b55cc6f4","/assets/icons/icon-192x192.png":"8f144899079ca245c478c337b6d1d2b0486f5b28ce368e15d6556d325036b931","/service-worker.js":"1793db718e051ad0066fb0a40981601aee6e85a5badfd6cc8c2caaa3492c6072","/assets/icons/icon-384x384.png":"29c16076f49e22035fc6c343da6fc3bb338479f66022af1aadad7c36240945ae","/assets/icons/icon-72x72.png":"759a1efc00c864bc46e9336215a4cf2f9e916e90bd4dd0dded14c01f53e90b55","/assets/icons/icon-512x512.png":"29c16076f49e22035fc6c343da6fc3bb338479f66022af1aadad7c36240945ae","/assets/icons/icon-96x96.png":"02bc647f0899f00d017c584d1e2f0570d4a153a0442020ee29be9047444e375e","/assets/img/logo.png":"fa576e351930ae3e9835b7b4d3b5ddef77b9022c98628507e65fcfb973301c84","/assets/img/marker.png":"77a0e94ab0b6efa312b8763f3444bed57c360dee289b3bb2cb74763d0f66c4b7","/3rdpartylicenses.txt":"24280b26a27dafab3bc2f1e63cd41b5fa0e3b97dbc2108f2c0698a4821c5c181","/Roboto-Bold.ecdd509cadbf1ea78b8d.eot":"89176450dd5254d8ee95a53ed8bfec2d95e529a2486c64135906be9ba4f51022","/Roboto-Light.a990f611f2305dc12965.eot":"916b0aaa8ef86d4044397b1506a4fb07d405c53b3be07ad32e58310cec71a80f","/Roboto-Medium.4d9f3f9e5195e7b074bb.eot":"7a751cf00c73515fa43dd6079d907c29b7182c1aa075fa010e252d47eb2efeb6","/Roboto-Regular.30799efa5bf74129468a.eot":"e614f321be015468df7de0c3521860a822ac61c800f9772ec1268ff901baaf35","/Roboto-Thin.dfe56a876d0282555d1e.eot":"21380a70e7ee0d33b0531f52d2cb6b7f5d37980ee7d41784abede1e519bdbd3f","/polyfills.1c61a259271fea25957b.js":"3eca66df218e558473ac6cd521de3f47323617bdeb7a01fa92a5d75fa7474dc9","/Roboto-Thin.954bbdeb86483e4ffea0.woff2":"c7cf46e017d981315919e9303d07e67162badc4c20e32714d25a13b3308a182f","/assets/img/hero.png":"cf475cf07affc52877d81c9b32ee66850fa9b643495a35d39fdfebf3b4a66c3f","/Roboto-Bold.39b2c3031be6b4ea96e2.woff2":"077f940499d85d771ee82bf3ff04ccdab7cbf63418d08a6bbf48008dca092416","/Roboto-Light.69f8a0617ac472f78e45.woff2":"38a4fee98b178fe1b4b5bd7c016d6e719f0afd6092037799d7ce541592764aa0","/Roboto-Medium.574fd0b50367f886d359.woff2":"fd59c208cda62cae244d56c2b220637129652500efccc3c8bf148bbb78c2c6d7","/Roboto-Bold.dc81817def276b4f2139.woff":"7272d6d4c4e25c332e34783f1adea97206e1bc0bd12a5607911aa9cee71e0b5b","/Roboto-Regular.2751ee43015f9884c364.woff2":"791c0145e7b06a5e920d187f3ecf70c98db4bbe5619a80aa5cc9f04f82bfd11d","/Roboto-Light.3b813c2ae0d04909a33a.woff":"730e1f8010b36968ea92c524b2095c4b842be3667f814066720b3146d2b3d860","/Roboto-Medium.fc78759e93a6cac50458.woff":"f2c2001eddd1a8b6b4369d21b783ad4cf85c642600ca78ec6b982d006a3adad4","/Roboto-Regular.ba3dcd8903e3d0af5de7.woff":"30895938b644aab215622143afbd324657fef8a2ee108d1edafceedce7059f3f","/Roboto-Thin.7500519de3d82e33d158.woff":"9b56d78f078759089be85d99f7d316421c259511b858fa371223e82d7036dc58","/assets/img/user-default.png":"95aa299fb0efdcfc5b6858df9d5fad42a93abe9ab884da200fadea392b73beed","/fontawesome-webfont.af7ae505a9eed503f8b8.woff2":"38d88317bebc79b4945a679daadd47daebbadc5cd13b41473143394ca7e8d892","/Roboto-Bold.e31fcf1885e371e19f57.ttf":"63d081d4c341821402e48208a7d8affa5355ab99f2396fe1b1bd9c7ffa3b13d0","/Roboto-Light.46e48ce0628835f68a73.ttf":"b02081952931e972be9b0f8316b53fa2349098bd9a8fbd86446a49c4bf261eca","/assets/img/devfest.png":"9dc2ad068a9c6648b79526df169868fc47340976e156f346658bba8b2bc220d6","/Roboto-Medium.894a2ede85a483bf9bed.ttf":"b8f3c68d9b7a4973b4b0d2e89dc423b9e0105d35bc13c9c7c9b7afb42ee681a6","/fontawesome-webfont.fee66e712a8a08eef580.woff":"b51c2c79cce89b7c5947672c13f735c24ee1a9f8f6ebdb957c5fdfe567f27d37","/Roboto-Regular.df7b648ce5356ea1ebce.ttf":"3877373fd695e0aaa15bb410093e62c9f53a8cd7f09316271784c5dc1557843f","/Roboto-Thin.94998475f6aea65f5584.ttf":"0d8b36bdb4c7d73d887fcff8dceb85d3186348d58d4c6536fabd13d0bd7d0d96","/fontawesome-webfont.674f50d287a8c48dc19b.eot":"4944999b255adf473d5b86b300eba33737e8f598c17f24e82a28582393331209","/fontawesome-webfont.b06871f281fee6b241d6.ttf":"d9cef07d4f3569883fb4c3db76acea5478cef80775d012841eb78a42e60a8e89","/styles.a91984d6cbc2f8ed585e.css":"390483149f7bce93d15763637c471fbad71018d17a4ab2f1302eb90ae8bdb307","/fontawesome-webfont.912ec66d7572ff821749.svg":"9b74ca5333a9ca156ae6ef0920d5bc42d283e95d25651bf4375404f0407a63ab","/main.131066642b1dc27b1cac.js":"f12513c05d3c6ed4d0f6d6f3cfaea6a786953666cbb1f0701a4d472763226a67","/background.2c10f0dada17586efefe.png":"c882b6633e2f4d8ba6f53ab6a36f64f08d0b3c6aa3f57f8370968c26f4572ec8","/assets/img/background.png":"c882b6633e2f4d8ba6f53ab6a36f64f08d0b3c6aa3f57f8370968c26f4572ec8","/banner.fbdbaeae1d5b5753dde3.png":"d5e59ad6dd41355e7c01c337785c76da262641e310a30dc6d2f86e141e6400b3","/assets/img/banner.png":"d5e59ad6dd41355e7c01c337785c76da262641e310a30dc6d2f86e141e6400b3"}}
[debug] [2021-05-20T20:13:23.126Z] <<< [apiv2][status] POST https://firebasehosting.googleapis.com/v1beta1/sites/prideweek-13c49/versions/a945b640316716be:populateFiles 200
[debug] [2021-05-20T20:13:23.127Z] <<< [apiv2][body] POST https://firebasehosting.googleapis.com/v1beta1/sites/prideweek-13c49/versions/a945b640316716be:populateFiles {"uploadUrl":"https://upload-firebasehosting.googleapis.com/upload/sites/prideweek-13c49/versions/a945b640316716be/files"}
[debug] [2021-05-20T20:13:23.128Z] [hosting][populate queue][FINAL] {"max":1638,"min":1638,"avg":1638,"active":0,"complete":1,"success":1,"errored":0,"retried":0,"total":1,"elapsed":1639}
[debug] [2021-05-20T20:13:23.128Z] [hosting] uploads queued: 0
[debug] [2021-05-20T20:13:23.129Z] [hosting][upload queue][FINAL] {"max":0,"min":9999999999,"avg":0,"active":0,"complete":0,"success":0,"errored":0,"retried":0,"total":0,"elapsed":1621541603129}
[info] +  hosting[prideweek-13c49]: file upload complete 
[debug] [2021-05-20T20:13:23.130Z] [hosting] deploy completed after 1940ms
[info] i  database: releasing rules... 
[debug] [2021-05-20T20:13:23.139Z] > refreshing access token with scopes: ["email","https://www.googleapis.com/auth/cloud-platform","https://www.googleapis.com/auth/cloudplatformprojects.readonly","https://www.googleapis.com/auth/firebase","openid"]
[debug] [2021-05-20T20:13:23.139Z] >>> HTTP REQUEST POST https://www.googleapis.com/oauth2/v3/token  
 <request body omitted>
[debug] [2021-05-20T20:13:23.413Z] <<< HTTP RESPONSE 200 {"cache-control":"no-cache, no-store, max-age=0, must-revalidate","date":"Thu, 20 May 2021 20:13:30 GMT","pragma":"no-cache","expires":"Mon, 01 Jan 1990 00:00:00 GMT","content-type":"application/json; charset=utf-8","vary":"X-Origin, Referer, Origin,Accept-Encoding","server":"scaffolding on HTTPServer2","x-xss-protection":"0","x-frame-options":"SAMEORIGIN","x-content-type-options":"nosniff","alt-svc":"h3-29=\":443\"; ma=2592000,h3-T051=\":443\"; ma=2592000,h3-Q050=\":443\"; ma=2592000,h3-Q046=\":443\"; ma=2592000,h3-Q043=\":443\"; ma=2592000,quic=\":443\"; ma=2592000; v=\"46,43\"","accept-ranges":"none","transfer-encoding":"chunked"}
[debug] [2021-05-20T20:13:23.439Z] >>> HTTP REQUEST GET https://firebasedatabase.googleapis.com/v1beta/projects/prideweek-13c49/locations/-/instances/prideweek-13c49-default-rtdb  
 
[debug] [2021-05-20T20:13:24.693Z] <<< HTTP RESPONSE 200 {"content-type":"application/json; charset=UTF-8","vary":"X-Origin, Referer, Origin,Accept-Encoding","date":"Thu, 20 May 2021 20:13:31 GMT","server":"ESF","cache-control":"private","x-xss-protection":"0","x-frame-options":"SAMEORIGIN","x-content-type-options":"nosniff","alt-svc":"h3-29=\":443\"; ma=2592000,h3-T051=\":443\"; ma=2592000,h3-Q050=\":443\"; ma=2592000,h3-Q046=\":443\"; ma=2592000,h3-Q043=\":443\"; ma=2592000,quic=\":443\"; ma=2592000; v=\"46,43\"","accept-ranges":"none","transfer-encoding":"chunked"}
[debug] [2021-05-20T20:13:24.697Z] >>> HTTP REQUEST PUT https://prideweek-13c49-default-rtdb.firebaseio.com/.settings/rules.json  
 {
  "rules": {
    ".read": "true",
    "admins": {
      ".write": "auth != null && auth.provider == 'google' && root.child('admins').child(auth.uid).exists()"
    },
    "userProfile": {
      ".write": "auth != null && auth.provider == 'google'"
    },
    "$year": {
      "levels": {
        ".write": "auth != null && auth.provider == 'google' && root.child('admins').child(auth.uid).exists()"
      },
      "schedules": {
        "$user_id": {
          ".read": "auth != null && auth.provider == 'google' && $user_id == auth.uid",
          ".write": "auth != null && auth.provider == 'google' && $user_id == auth.uid"
        }
      },
      "sections": {
        ".write": "auth != null && auth.provider == 'google' && root.child('admins').child(auth.uid).exists()"
      },
      "sessions": {
        ".write": "auth != null && auth.provider == 'google' && root.child('admins').child(auth.uid).exists()",
        "$session_id": {
          "surveys": {
            ".read": "auth != null && auth.provider == 'google' && root.child('admins').child(auth.uid).exists()",
            ".write": "auth != null && auth.provider == 'google'"
          }
        }
      },
      "siteConfig": {
        ".write": "auth != null && auth.provider == 'google' && root.child('admins').child(auth.uid).exists()"
      },
      "speakers": {
        ".write": "auth != null && auth.provider == 'google' && root.child('admins').child(auth.uid).exists()",
      	".indexOn": "featured"
      },
      "sponsors": {
        ".write": "auth != null && auth.provider == 'google' && root.child('admins').child(auth.uid).exists()"
      },
      "tickets": {
        ".write": "auth != null && auth.provider == 'google' && root.child('admins').child(auth.uid).exists()",
      	".indexOn": "active"
      }
    }
  }
}

[debug] [2021-05-20T20:13:25.287Z] <<< HTTP RESPONSE 200 {"server":"nginx","date":"Thu, 20 May 2021 20:13:32 GMT","content-type":"application/json; charset=utf-8","content-length":"15","connection":"keep-alive","access-control-allow-origin":"*","cache-control":"no-cache","strict-transport-security":"max-age=31556926; includeSubDomains; preload"}
[info] +  database: rules for database prideweek-13c49-default-rtdb released successfully 
[info] i  functions: updating Node.js 12 function createProfile(us-central1)... 
[debug] [2021-05-20T20:13:25.291Z] >>> HTTP REQUEST PATCH https://cloudfunctions.googleapis.com/v1/projects/prideweek-13c49/locations/us-central1/functions/createProfile {"updateMask":"sourceUploadUrl,name,labels,runtime,environmentVariables,eventTrigger.resource,eventTrigger.eventType,eventTrigger.service,eventTrigger.failurePolicy"} 
 {"sourceUploadUrl":"https://storage.googleapis.com/gcf-upload-us-central1-73abe0a4-da3e-4111-93b0-6d698bf9b454/cc1017d1-2bfd-46f2-bebb-2c9d36fc2e48.zip?GoogleAccessId=service-841439416317@gcf-admin-robot.iam.gserviceaccount.com&Expires=1621543407&Signature=v8Fhr%2BtybUX6Gx2lOiz19LFYjBTmESsNju22hxbu0wMwRhZZdqqQbB97VOR9%2FeA1LtzBuqomYLCmKEAumZkaPkLmi4bKruRr3HDw7RM5ZcjLbT3ig8Zi52jOjQdLTs%2FjnDrX7f%2Bz5lzLTuLafimYvDM3Yd%2B%2Bf9rqllFuFhK%2FW4THY8QfDirXZtt1qbVoyo2txIrPD1P%2BXCpPqyz6sRoO8itK4KXT29B1N8jwEewXqBRT9maM%2FRvhYfYIiI%2BKCJLeZ9hzWjjAds%2FNcjvR%2FNSvucQSzo2kmWEyqS9MuNuO9Aow3q6VExMXoBMD7jm1Ozq4irqyAnKsBFi3nSEAwL4D2Q%3D%3D","name":"projects/prideweek-13c49/locations/us-central1/functions/createProfile","labels":{"deployment-tool":"cli-firebase"},"eventTrigger":{"resource":"projects/prideweek-13c49","eventType":"providers/firebase.auth/eventTypes/user.create","service":"firebaseauth.googleapis.com"},"runtime":"nodejs12","environmentVariables":{"FIREBASE_CONFIG":"{\"projectId\":\"prideweek-13c49\",\"databaseURL\":\"https://prideweek-13c49-default-rtdb.firebaseio.com\",\"storageBucket\":\"prideweek-13c49.appspot.com\",\"locationId\":\"us-central\"}"}}
[debug] [2021-05-20T20:13:26.508Z] <<< HTTP RESPONSE 200 {"content-type":"application/json; charset=UTF-8","vary":"X-Origin, Referer, Origin,Accept-Encoding","date":"Thu, 20 May 2021 20:13:33 GMT","server":"ESF","cache-control":"private","x-xss-protection":"0","x-frame-options":"SAMEORIGIN","x-content-type-options":"nosniff","alt-svc":"h3-29=\":443\"; ma=2592000,h3-T051=\":443\"; ma=2592000,h3-Q050=\":443\"; ma=2592000,h3-Q046=\":443\"; ma=2592000,h3-Q043=\":443\"; ma=2592000,quic=\":443\"; ma=2592000; v=\"46,43\"","accept-ranges":"none","transfer-encoding":"chunked"}
[debug] [2021-05-20T20:13:26.511Z] > refreshing access token with scopes: []
[debug] [2021-05-20T20:13:26.511Z] >>> HTTP REQUEST POST https://www.googleapis.com/oauth2/v3/token  
 <request body omitted>
[debug] [2021-05-20T20:13:26.768Z] <<< HTTP RESPONSE 200 {"cache-control":"no-cache, no-store, max-age=0, must-revalidate","pragma":"no-cache","date":"Thu, 20 May 2021 20:13:33 GMT","expires":"Mon, 01 Jan 1990 00:00:00 GMT","content-type":"application/json; charset=utf-8","vary":"X-Origin, Referer, Origin,Accept-Encoding","server":"scaffolding on HTTPServer2","x-xss-protection":"0","x-frame-options":"SAMEORIGIN","x-content-type-options":"nosniff","alt-svc":"h3-29=\":443\"; ma=2592000,h3-T051=\":443\"; ma=2592000,h3-Q050=\":443\"; ma=2592000,h3-Q046=\":443\"; ma=2592000,h3-Q043=\":443\"; ma=2592000,quic=\":443\"; ma=2592000; v=\"46,43\"","accept-ranges":"none","transfer-encoding":"chunked"}
[debug] [2021-05-20T20:13:26.784Z] >>> [apiv2][query] GET https://cloudfunctions.googleapis.com/v1/operations/cHJpZGV3ZWVrLTEzYzQ5L3VzLWNlbnRyYWwxL2NyZWF0ZVByb2ZpbGUvX1B3N01DZGVweUk [none]
[debug] [2021-05-20T20:13:27.539Z] <<< [apiv2][status] GET https://cloudfunctions.googleapis.com/v1/operations/cHJpZGV3ZWVrLTEzYzQ5L3VzLWNlbnRyYWwxL2NyZWF0ZVByb2ZpbGUvX1B3N01DZGVweUk 200
[debug] [2021-05-20T20:13:27.539Z] <<< [apiv2][body] GET https://cloudfunctions.googleapis.com/v1/operations/cHJpZGV3ZWVrLTEzYzQ5L3VzLWNlbnRyYWwxL2NyZWF0ZVByb2ZpbGUvX1B3N01DZGVweUk {"name":"operations/cHJpZGV3ZWVrLTEzYzQ5L3VzLWNlbnRyYWwxL2NyZWF0ZVByb2ZpbGUvX1B3N01DZGVweUk","metadata":{"@type":"type.googleapis.com/google.cloud.functions.v1.OperationMetadataV1","target":"projects/prideweek-13c49/locations/us-central1/functions/createProfile","type":"UPDATE_FUNCTION","request":{"@type":"type.googleapis.com/google.cloud.functions.v1.CloudFunction","name":"projects/prideweek-13c49/locations/us-central1/functions/createProfile","eventTrigger":{"eventType":"providers/firebase.auth/eventTypes/user.create","resource":"projects/prideweek-13c49","service":"firebaseauth.googleapis.com"},"status":"ACTIVE","entryPoint":"createProfile","timeout":"60s","availableMemoryMb":256,"serviceAccountEmail":"prideweek-13c49@appspot.gserviceaccount.com","updateTime":"2021-05-20T20:09:31.292Z","versionId":"2","labels":{"deployment-tool":"cli-firebase"},"sourceUploadUrl":"https://storage.googleapis.com/gcf-upload-us-central1-73abe0a4-da3e-4111-93b0-6d698bf9b454/cc1017d1-2bfd-46f2-bebb-2c9d36fc2e48.zip?GoogleAccessId=service-841439416317@gcf-admin-robot.iam.gserviceaccount.com&Expires=1621543407&Signature=v8Fhr%2BtybUX6Gx2lOiz19LFYjBTmESsNju22hxbu0wMwRhZZdqqQbB97VOR9%2FeA1LtzBuqomYLCmKEAumZkaPkLmi4bKruRr3HDw7RM5ZcjLbT3ig8Zi52jOjQdLTs%2FjnDrX7f%2Bz5lzLTuLafimYvDM3Yd%2B%2Bf9rqllFuFhK%2FW4THY8QfDirXZtt1qbVoyo2txIrPD1P%2BXCpPqyz6sRoO8itK4KXT29B1N8jwEewXqBRT9maM%2FRvhYfYIiI%2BKCJLeZ9hzWjjAds%2FNcjvR%2FNSvucQSzo2kmWEyqS9MuNuO9Aow3q6VExMXoBMD7jm1Ozq4irqyAnKsBFi3nSEAwL4D2Q%3D%3D","environmentVariables":{"FIREBASE_CONFIG":"{\"projectId\":\"prideweek-13c49\",\"databaseURL\":\"https://prideweek-13c49-default-rtdb.firebaseio.com\",\"storageBucket\":\"prideweek-13c49.appspot.com\",\"locationId\":\"us-central\"}"},"runtime":"nodejs12","ingressSettings":"ALLOW_ALL","buildId":"d9b4c7a3-2813-4f32-bcba-a8ce403a1ac0"},"versionId":"3","updateTime":"2021-05-20T20:13:33Z","buildId":"fc6d9dec-67ce-472c-95de-b74df3b56ecd","buildName":"projects/841439416317/locations/us-central1/builds/fc6d9dec-67ce-472c-95de-b74df3b56ecd"}}
[debug] [2021-05-20T20:13:28.040Z] [update-projects/prideweek-13c49/locations/us-central1/functions/createProfile] Retrying task index 0
[debug] [2021-05-20T20:13:28.041Z] >>> [apiv2][query] GET https://cloudfunctions.googleapis.com/v1/operations/cHJpZGV3ZWVrLTEzYzQ5L3VzLWNlbnRyYWwxL2NyZWF0ZVByb2ZpbGUvX1B3N01DZGVweUk [none]
[debug] [2021-05-20T20:13:28.590Z] <<< [apiv2][status] GET https://cloudfunctions.googleapis.com/v1/operations/cHJpZGV3ZWVrLTEzYzQ5L3VzLWNlbnRyYWwxL2NyZWF0ZVByb2ZpbGUvX1B3N01DZGVweUk 200
[debug] [2021-05-20T20:13:28.591Z] <<< [apiv2][body] GET https://cloudfunctions.googleapis.com/v1/operations/cHJpZGV3ZWVrLTEzYzQ5L3VzLWNlbnRyYWwxL2NyZWF0ZVByb2ZpbGUvX1B3N01DZGVweUk {"name":"operations/cHJpZGV3ZWVrLTEzYzQ5L3VzLWNlbnRyYWwxL2NyZWF0ZVByb2ZpbGUvX1B3N01DZGVweUk","metadata":{"@type":"type.googleapis.com/google.cloud.functions.v1.OperationMetadataV1","target":"projects/prideweek-13c49/locations/us-central1/functions/createProfile","type":"UPDATE_FUNCTION","request":{"@type":"type.googleapis.com/google.cloud.functions.v1.CloudFunction","name":"projects/prideweek-13c49/locations/us-central1/functions/createProfile","eventTrigger":{"eventType":"providers/firebase.auth/eventTypes/user.create","resource":"projects/prideweek-13c49","service":"firebaseauth.googleapis.com"},"status":"ACTIVE","entryPoint":"createProfile","timeout":"60s","availableMemoryMb":256,"serviceAccountEmail":"prideweek-13c49@appspot.gserviceaccount.com","updateTime":"2021-05-20T20:09:31.292Z","versionId":"2","labels":{"deployment-tool":"cli-firebase"},"sourceUploadUrl":"https://storage.googleapis.com/gcf-upload-us-central1-73abe0a4-da3e-4111-93b0-6d698bf9b454/cc1017d1-2bfd-46f2-bebb-2c9d36fc2e48.zip?GoogleAccessId=service-841439416317@gcf-admin-robot.iam.gserviceaccount.com&Expires=1621543407&Signature=v8Fhr%2BtybUX6Gx2lOiz19LFYjBTmESsNju22hxbu0wMwRhZZdqqQbB97VOR9%2FeA1LtzBuqomYLCmKEAumZkaPkLmi4bKruRr3HDw7RM5ZcjLbT3ig8Zi52jOjQdLTs%2FjnDrX7f%2Bz5lzLTuLafimYvDM3Yd%2B%2Bf9rqllFuFhK%2FW4THY8QfDirXZtt1qbVoyo2txIrPD1P%2BXCpPqyz6sRoO8itK4KXT29B1N8jwEewXqBRT9maM%2FRvhYfYIiI%2BKCJLeZ9hzWjjAds%2FNcjvR%2FNSvucQSzo2kmWEyqS9MuNuO9Aow3q6VExMXoBMD7jm1Ozq4irqyAnKsBFi3nSEAwL4D2Q%3D%3D","environmentVariables":{"FIREBASE_CONFIG":"{\"projectId\":\"prideweek-13c49\",\"databaseURL\":\"https://prideweek-13c49-default-rtdb.firebaseio.com\",\"storageBucket\":\"prideweek-13c49.appspot.com\",\"locationId\":\"us-central\"}"},"runtime":"nodejs12","ingressSettings":"ALLOW_ALL","buildId":"d9b4c7a3-2813-4f32-bcba-a8ce403a1ac0"},"versionId":"3","updateTime":"2021-05-20T20:13:33Z","buildId":"fc6d9dec-67ce-472c-95de-b74df3b56ecd","buildName":"projects/841439416317/locations/us-central1/builds/fc6d9dec-67ce-472c-95de-b74df3b56ecd"}}
[debug] [2021-05-20T20:13:29.592Z] [update-projects/prideweek-13c49/locations/us-central1/functions/createProfile] Retrying task index 0
[debug] [2021-05-20T20:13:29.592Z] >>> [apiv2][query] GET https://cloudfunctions.googleapis.com/v1/operations/cHJpZGV3ZWVrLTEzYzQ5L3VzLWNlbnRyYWwxL2NyZWF0ZVByb2ZpbGUvX1B3N01DZGVweUk [none]
[debug] [2021-05-20T20:13:30.356Z] <<< [apiv2][status] GET https://cloudfunctions.googleapis.com/v1/operations/cHJpZGV3ZWVrLTEzYzQ5L3VzLWNlbnRyYWwxL2NyZWF0ZVByb2ZpbGUvX1B3N01DZGVweUk 200
[debug] [2021-05-20T20:13:30.356Z] <<< [apiv2][body] GET https://cloudfunctions.googleapis.com/v1/operations/cHJpZGV3ZWVrLTEzYzQ5L3VzLWNlbnRyYWwxL2NyZWF0ZVByb2ZpbGUvX1B3N01DZGVweUk {"name":"operations/cHJpZGV3ZWVrLTEzYzQ5L3VzLWNlbnRyYWwxL2NyZWF0ZVByb2ZpbGUvX1B3N01DZGVweUk","metadata":{"@type":"type.googleapis.com/google.cloud.functions.v1.OperationMetadataV1","target":"projects/prideweek-13c49/locations/us-central1/functions/createProfile","type":"UPDATE_FUNCTION","request":{"@type":"type.googleapis.com/google.cloud.functions.v1.CloudFunction","name":"projects/prideweek-13c49/locations/us-central1/functions/createProfile","eventTrigger":{"eventType":"providers/firebase.auth/eventTypes/user.create","resource":"projects/prideweek-13c49","service":"firebaseauth.googleapis.com"},"status":"ACTIVE","entryPoint":"createProfile","timeout":"60s","availableMemoryMb":256,"serviceAccountEmail":"prideweek-13c49@appspot.gserviceaccount.com","updateTime":"2021-05-20T20:09:31.292Z","versionId":"2","labels":{"deployment-tool":"cli-firebase"},"sourceUploadUrl":"https://storage.googleapis.com/gcf-upload-us-central1-73abe0a4-da3e-4111-93b0-6d698bf9b454/cc1017d1-2bfd-46f2-bebb-2c9d36fc2e48.zip?GoogleAccessId=service-841439416317@gcf-admin-robot.iam.gserviceaccount.com&Expires=1621543407&Signature=v8Fhr%2BtybUX6Gx2lOiz19LFYjBTmESsNju22hxbu0wMwRhZZdqqQbB97VOR9%2FeA1LtzBuqomYLCmKEAumZkaPkLmi4bKruRr3HDw7RM5ZcjLbT3ig8Zi52jOjQdLTs%2FjnDrX7f%2Bz5lzLTuLafimYvDM3Yd%2B%2Bf9rqllFuFhK%2FW4THY8QfDirXZtt1qbVoyo2txIrPD1P%2BXCpPqyz6sRoO8itK4KXT29B1N8jwEewXqBRT9maM%2FRvhYfYIiI%2BKCJLeZ9hzWjjAds%2FNcjvR%2FNSvucQSzo2kmWEyqS9MuNuO9Aow3q6VExMXoBMD7jm1Ozq4irqyAnKsBFi3nSEAwL4D2Q%3D%3D","environmentVariables":{"FIREBASE_CONFIG":"{\"projectId\":\"prideweek-13c49\",\"databaseURL\":\"https://prideweek-13c49-default-rtdb.firebaseio.com\",\"storageBucket\":\"prideweek-13c49.appspot.com\",\"locationId\":\"us-central\"}"},"runtime":"nodejs12","ingressSettings":"ALLOW_ALL","buildId":"d9b4c7a3-2813-4f32-bcba-a8ce403a1ac0"},"versionId":"3","updateTime":"2021-05-20T20:13:33Z","buildId":"fc6d9dec-67ce-472c-95de-b74df3b56ecd","buildName":"projects/841439416317/locations/us-central1/builds/fc6d9dec-67ce-472c-95de-b74df3b56ecd"}}
